[00:40:16] [main/INFO] (FabricLoader/GameProvider) Loading Minecraft 1.15 with Fabric Loader 0.14.14
[00:40:16] [main/INFO] (FabricLoader) Loading 43 mods:
	- fabric 0.28.5+1.15
	- fabric-api-base 0.1.2+9826cad80c
	- fabric-biomes-v1 0.1.6+c1455e800c
	- fabric-blockrenderlayer-v1 1.1.5+c1455e800c
	- fabric-climbable-api-v1 1.0.1+c1455e800c
	- fabric-command-api-v1 1.0.3+c1455e800c
	- fabric-commands-v0 0.2.1+c1455e800c
	- fabric-containers-v0 0.1.4+c1455e800c
	- fabric-content-registries-v0 0.1.4+c1455e800c
	- fabric-crash-report-info-v1 0.1.3+c1455e800c
	- fabric-dimensions-v1 0.3.1+c1455e800c
	- fabric-events-interaction-v0 0.4.1+c1455e800c
	- fabric-events-lifecycle-v0 0.2.1+c1455e800c
	- fabric-item-api-v1 1.1.1+c1455e800c
	- fabric-item-groups-v0 0.2.1+c1455e800c
	- fabric-key-binding-api-v1 1.0.2+c1455e800c
	- fabric-keybindings-v0 0.2.1+c1455e800c
	- fabric-lifecycle-events-v1 1.2.1+c1455e800c
	- fabric-loot-tables-v1 0.1.6+c1455e800c
	- fabric-mining-levels-v0 0.1.3+c1455e800c
	- fabric-models-v0 0.1.1+c1455e800c
	- fabric-networking-api-v1 1.0.1+c1455e800c
	- fabric-networking-blockentity-v0 0.2.4+c1455e800c
	- fabric-networking-v0 0.2.1+c1455e800c
	- fabric-object-builder-api-v1 1.3.2+c1455e800c
	- fabric-object-builders-v0 0.6.1+c1455e800c
	- fabric-particles-v1 0.2.2+c1455e800c
	- fabric-registry-sync-v0 0.7.2+c1455e800c
	- fabric-renderer-api-v1 0.2.11+c1455e800c
	- fabric-renderer-indigo 0.3.5+c1455e800c
	- fabric-renderer-registries-v1 2.1.1+c1455e800c
	- fabric-rendering-data-attachment-v1 0.1.4+c1455e800c
	- fabric-rendering-fluids-v1 0.1.7+c1455e800c
	- fabric-rendering-v0 1.1.1+c1455e800c
	- fabric-rendering-v1 1.2.1+c1455e800c
	- fabric-resource-loader-v0 0.1.11+c1455e800c
	- fabric-tag-extensions-v0 0.1.4+c1455e800c
	- fabric-textures-v0 1.0.5+c1455e800c
	- fabric-tool-attribute-api-v1 1.2.4+c1455e800c
	- fabricloader 0.14.14
	- java 18
	- minecraft 1.15
	- runorama_next 1.0.0
[00:40:16] [main/INFO] (FabricLoader/Mixin) SpongePowered MIXIN Subsystem Version=0.8.5 Source=file:/C:/Users/what1/.gradle/caches/modules-2/files-2.1/net.fabricmc/sponge-mixin/0.11.4+mixin.0.8.5/c1dc27696aa4006e492c2485c9ccbcb26045a971/sponge-mixin-0.11.4+mixin.0.8.5.jar Service=Knot/Fabric Env=CLIENT
[00:40:16] [main/INFO] (FabricLoader/Mixin) Loaded Fabric development mappings for mixin remapper!
[00:40:17] [main/INFO] (Minecraft) Setting user: Player795
[00:40:21] [main/INFO] (Indigo) [Indigo] Registering Indigo renderer!
[00:40:21] [main/INFO] (Minecraft) Backend library: LWJGL version 3.2.2 build 10
[00:40:25] [main/INFO] (Minecraft) Narrator library for x64 successfully loaded
[00:40:25] [main/INFO] (Minecraft) Reloading ResourceManager: Default, Fabric Item Groups (v0), Fabric Events Lifecycle (v0), Fabric API Base, Fabric BlockRenderLayer Registration (v1), Fabric Renderer API (v1), Fabric Object Builders (v0), Fabric Loader, Fabric Rendering Fluids (v1), Fabric Tool Attribute API (v1), Fabric Resource Loader (v0), Fabric Tag Extensions (v0), Fabric Mining Levels (v0), Fabric API, Fabric Textures (v0), Fabric Biomes (v1), Fabric Rendering (v1), Fabric Loot Tables (v1), Fabric Object Builder API (v1), Fabric Containers (v0), Fabric Events Interaction (v0), Fabric Networking API (v1), Fabric Networking (v0), Fabric Networking Block Entity (v0), Fabric Models (v0), Runorama Next, Fabric Rendering Data Attachment (v1), Fabric Content Registries (v0), Fabric Lifecycle Events (v1), Fabric Item API (v1), Fabric Crash Report Info (v1), Fabric Renderer - Indigo, Fabric Registry Sync (v0), Fabric Renderer Registries (v1), Fabric Key Bindings (v0), Fabric Key Binding API (v1), Fabric Rendering (v0), desc
[00:40:26] [Realms Notification Availability checker #1/INFO] (Minecraft) Could not authorize you against Realms server: Invalid session id
[00:40:28] [main/INFO] (Minecraft) OpenAL initialized.
[00:40:28] [main/INFO] (Minecraft) Sound engine started
[00:40:28] [main/INFO] (Minecraft) Created: 1024x1024x4 minecraft:textures/atlas/blocks.png-atlas
[00:40:28] [main/INFO] (Minecraft) Created: 256x128x4 minecraft:textures/atlas/signs.png-atlas
[00:40:28] [main/INFO] (Minecraft) Created: 1024x512x4 minecraft:textures/atlas/banner_patterns.png-atlas
[00:40:28] [main/INFO] (Minecraft) Created: 1024x512x4 minecraft:textures/atlas/shield_patterns.png-atlas
[00:40:28] [main/INFO] (Minecraft) Created: 256x256x4 minecraft:textures/atlas/chest.png-atlas
[00:40:28] [main/INFO] (Minecraft) Created: 512x256x4 minecraft:textures/atlas/beds.png-atlas
[00:40:28] [main/INFO] (Minecraft) Created: 512x256x4 minecraft:textures/atlas/shulker_boxes.png-atlas
[00:40:29] [main/INFO] (Minecraft) Created: 256x256x0 minecraft:textures/atlas/particles.png-atlas
[00:40:29] [main/INFO] (Minecraft) Created: 256x256x0 minecraft:textures/atlas/paintings.png-atlas
[00:40:29] [main/INFO] (Minecraft) Created: 256x128x0 minecraft:textures/atlas/mob_effects.png-atlas
[00:41:27] [main/INFO] (Minecraft) Stopping!
